This is pdfTeX, Version 3.141592653-2.6-1.40.22 (TeX Live 2021/Arch Linux) (preloaded format=pdflatex 2021.12.3)  19 DEC 2021 17:19
entering extended mode
 restricted \write18 enabled.
 file:line:error style messages enabled.
 %&-line parsing enabled.
**frontiersSCNS.cls
(./frontiersSCNS.cls
LaTeX2e <2020-10-01> patch level 4
L3 programming layer <2021-02-18>

./frontiersSCNS.cls:6: LaTeX Error: Missing \begin{document}.

See the LaTeX manual or LaTeX Companion for explanation.
Type  H <return>  for immediate help.
 ...                                              
                                                  
l.6 \newif\if@
              cropmarkson \@cropmarksontrue
You're in trouble here.  Try typing  <return>  to proceed.
If that doesn't work, type  X <return>  to quit.

Missing character: There is no @ in font nullfont!
Missing character: There is no c in font nullfont!
Missing character: There is no r in font nullfont!
Missing character: There is no o in font nullfont!
Missing character: There is no p in font nullfont!
Missing character: There is no m in font nullfont!
Missing character: There is no a in font nullfont!
Missing character: There is no r in font nullfont!
Missing character: There is no k in font nullfont!
Missing character: There is no s in font nullfont!
Missing character: There is no o in font nullfont!
Missing character: There is no n in font nullfont!
Missing character: There is no c in font nullfont!
Missing character: There is no r in font nullfont!
Missing character: There is no o in font nullfont!
Missing character: There is no p in font nullfont!
Missing character: There is no m in font nullfont!
Missing character: There is no a in font nullfont!
Missing character: There is no r in font nullfont!
Missing character: There is no k in font nullfont!
Missing character: There is no s in font nullfont!
Missing character: There is no o in font nullfont!
Missing character: There is no n in font nullfont!
Missing character: There is no t in font nullfont!
Missing character: There is no r in font nullfont!
Missing character: There is no u in font nullfont!
Missing character: There is no e in font nullfont!

Overfull \hbox (20.0pt too wide) in paragraph at lines 6--7
[]
 []


LaTeX Warning: You have requested package `',
               but the package provides `frontiersSCNS'.

Package: frontiersSCNS 2016/11/10 2.6

./frontiersSCNS.cls:14: LaTeX Error: Missing \begin{document}.

See the LaTeX manual or LaTeX Companion for explanation.
Type  H <return>  for immediate help.
 ...                                              
                                                  
l.14 \newif\if@
               final
You're in trouble here.  Try typing  <return>  to proceed.
If that doesn't work, type  X <return>  to quit.

Missing character: There is no @ in font nullfont!
Missing character: There is no f in font nullfont!
Missing character: There is no i in font nullfont!
Missing character: There is no n in font nullfont!
Missing character: There is no a in font nullfont!
Missing character: There is no l in font nullfont!

Overfull \hbox (20.0pt too wide) in paragraph at lines 14--15
[] 
 []

./frontiersSCNS.cls:27: You can't use `\spacefactor' in vertical mode.
\@->\spacefactor 
                 \@m {}
l.27 ...eOptions{a4paper,nocrop,centre,info,paper}
                                                  
Sorry, but I'm not programmed to handle this case;
I'll just pretend that you didn't ask for it.
If you're in the wrong mode, you might be able to
return to the right one by typing `I}' or `I$' or `I\par'.

./frontiersSCNS.cls:27: Missing $ inserted.
<inserted text> 
                $
l.27 ...eOptions{a4paper,nocrop,centre,info,paper}
                                                  
I've inserted a begin-math/end-math symbol since I think
you left one out. Proceed, with fingers crossed.


./frontiersSCNS.cls:27: LaTeX Error: Missing \begin{document}.

See the LaTeX manual or LaTeX Companion for explanation.
Type  H <return>  for immediate help.
 ...                                              
                                                  
l.27 ...eOptions{a4paper,nocrop,centre,info,paper}
                                                  
You're in trouble here.  Try typing  <return>  to proceed.
If that doesn't work, type  X <return>  to quit.

Runaway argument?
@nnil ifx external@font @empty @latex@error {Font expandafter string ETC.
./frontiersSCNS.cls:28: Paragraph ended before reserved@f was complete.
<to be read again> 
                   par 
l.28 
     
I suspect you've forgotten a `}', causing me to apply this
control sequence to too much text. How can we recover?
My plan is to forget the whole thing and hope for the best.

./frontiersSCNS.cls:28: Missing $ inserted.
<inserted text> 
                $
l.28 
     
I've inserted a begin-math/end-math symbol since I think
you left one out. Proceed, with fingers crossed.

./frontiersSCNS.cls:28: Missing endgroup inserted.
<inserted text> 
                endgroup 
l.28 
     
I've inserted something that you may have forgotten.
(See the <inserted text> above.)
With luck, this will get me unwedged. But if you
really didn't forget anything, try typing `2' now; then
my insertion and my current dilemma will both disappear.

./frontiersSCNS.cls:28: Missing endgroup inserted.
<inserted text> 
                endgroup 
l.28 
     
I've inserted something that you may have forgotten.
(See the <inserted text> above.)
With luck, this will get me unwedged. But if you
really didn't forget anything, try typing `2' now; then
my insertion and my current dilemma will both disappear.

./frontiersSCNS.cls:28: Math formula deleted: Insufficient symbol fonts.
<recently read> $
                 
l.28 
     
Sorry, but I can't typeset math unless \textfont 2
and \scriptfont 2 and \scriptscriptfont 2 have all
the \fontdimen values needed in math symbol fonts.


Overfull \hbox (20.0pt too wide) in paragraph at lines 27--28
[]$$ 
 []

(/usr/share/texmf-dist/tex/latex/base/inputenc.sty
Package: inputenc 2020/08/01 v1.3d Input encoding file
\inpenc@prehook=\toks15
\inpenc@posthook=\toks16
)
(/usr/share/texmf-dist/tex/latex/crop/crop.sty
Package: crop 2017/11/19 1.10 crop marks (mf)

(/usr/share/texmf-dist/tex/generic/iftex/ifluatex.sty
Package: ifluatex 2019/10/25 v1.5 ifluatex legacy package. Use iftex instead.

(/usr/share/texmf-dist/tex/generic/iftex/iftex.sty
Package: iftex 2020/03/06 v1.0d TeX engine tests
))
\stockwidth=\dimen138
\stockheight=\dimen139
\CROP@index=\count179

(/usr/share/texmf-dist/tex/latex/graphics/color.sty
Package: color 2020/02/24 v1.2b Standard LaTeX Color (DPC)

(/usr/share/texmf-dist/tex/latex/graphics-cfg/color.cfg
File: color.cfg 2016/01/02 v1.6 sample color configuration
)
Package color Info: Driver file: pdftex.def on input line 147.

(/usr/share/texmf-dist/tex/latex/graphics-def/pdftex.def
File: pdftex.def 2020/10/05 v1.2a Graphics/color driver for pdftex
))
(/usr/share/texmf-dist/tex/latex/graphics/graphics.sty
Package: graphics 2020/08/30 v1.4c Standard LaTeX Graphics (DPC,SPQR)

(/usr/share/texmf-dist/tex/latex/graphics/trig.sty
Package: trig 2016/01/03 v1.10 sin cos tan (DPC)
)
(/usr/share/texmf-dist/tex/latex/graphics-cfg/graphics.cfg
File: graphics.cfg 2016/06/04 v1.11 sample graphics configuration
)
Package graphics Info: Driver file: pdftex.def on input line 105.
)
\CROP@offset=\count180
Package crop Info: Local config file crop.cfg used on input line 622.

(/usr/share/texmf-dist/tex/xelatex/xetexconfig/crop.cfg))
(/usr/share/texmf-dist/tex/latex/graphics/graphicx.sty
Package: graphicx 2020/09/09 v1.2b Enhanced LaTeX Graphics (DPC,SPQR)

(/usr/share/texmf-dist/tex/latex/graphics/keyval.sty
Package: keyval 2014/10/28 v1.15 key=value parser (DPC)
\KV@toks@=\toks17
)
\Gin@req@height=\dimen140
\Gin@req@width=\dimen141
)
(/usr/share/texmf-dist/tex/latex/amsmath/amsmath.sty
Package: amsmath 2020/09/23 v2.17i AMS math features
\@mathmargin=\skip47

For additional information on amsmath, use the `?' option.
(/usr/share/texmf-dist/tex/latex/amsmath/amstext.sty
Package: amstext 2000/06/29 v2.01 AMS text

(/usr/share/texmf-dist/tex/latex/amsmath/amsgen.sty
File: amsgen.sty 1999/11/30 v2.0 generic functions
\@emptytoks=\toks18
\ex@=\dimen142
))
(/usr/share/texmf-dist/tex/latex/amsmath/amsbsy.sty
Package: amsbsy 1999/11/29 v1.2d Bold Symbols
\pmbraise@=\dimen143
)
(/usr/share/texmf-dist/tex/latex/amsmath/amsopn.sty
Package: amsopn 2016/03/08 v2.02 operator names
)
\inf@bad=\count181
LaTeX Info: Redefining \frac on input line 234.
\uproot@=\count182
\leftroot@=\count183

/usr/share/texmf-dist/tex/latex/amsmath/amsmath.sty:397: Improper alphabetic co
nstant.
<to be read again> 
                   \varGamma 
l.397 }{}
         
A one-character control sequence belongs after a ` mark.
So I'm essentially inserting \0 here.

/usr/share/texmf-dist/tex/latex/amsmath/amsmath.sty:397: Undefined control sequ
ence.
<recently read> \varGamma 
                          
l.397 }{}
         
The control sequence at the end of the top line
of your error message was never \def'ed. If you have
misspelled it (e.g., `\hobx'), type `I' and the correct
spelling (e.g., `I\hbox'). Otherwise just continue,
and I'll forget about whatever was undefined.

/usr/share/texmf-dist/tex/latex/amsmath/amsmath.sty:397: Improper alphabetic co
nstant.
<to be read again> 
                   \varDelta 
l.397 }{}
         
A one-character control sequence belongs after a ` mark.
So I'm essentially inserting \0 here.

/usr/share/texmf-dist/tex/latex/amsmath/amsmath.sty:397: Undefined control sequ
ence.
<recently read> \varDelta 
                          
l.397 }{}
         
The control sequence at the end of the top line
of your error message was never \def'ed. If you have
misspelled it (e.g., `\hobx'), type `I' and the correct
spelling (e.g., `I\hbox'). Otherwise just continue,
and I'll forget about whatever was undefined.

/usr/share/texmf-dist/tex/latex/amsmath/amsmath.sty:397: Improper alphabetic co
nstant.
<to be read again> 
                   \varTheta 
l.397 }{}
         
A one-character control sequence belongs after a ` mark.
So I'm essentially inserting \0 here.

/usr/share/texmf-dist/tex/latex/amsmath/amsmath.sty:397: Undefined control sequ
ence.
<recently read> \varTheta 
                          
l.397 }{}
         
The control sequence at the end of the top line
of your error message was never \def'ed. If you have
misspelled it (e.g., `\hobx'), type `I' and the correct
spelling (e.g., `I\hbox'). Otherwise just continue,
and I'll forget about whatever was undefined.

/usr/share/texmf-dist/tex/latex/amsmath/amsmath.sty:397: Improper alphabetic co
nstant.
<to be read again> 
                   \varLambda 
l.397 }{}
         
A one-character control sequence belongs after a ` mark.
So I'm essentially inserting \0 here.

/usr/share/texmf-dist/tex/latex/amsmath/amsmath.sty:397: Undefined control sequ
ence.
<recently read> \varLambda 
                           
l.397 }{}
         
The control sequence at the end of the top line
of your error message was never \def'ed. If you have
misspelled it (e.g., `\hobx'), type `I' and the correct
spelling (e.g., `I\hbox'). Otherwise just continue,
and I'll forget about whatever was undefined.

/usr/share/texmf-dist/tex/latex/amsmath/amsmath.sty:397: Improper alphabetic co
nstant.
<to be read again> 
                   \varXi 
l.397 }{}
         
A one-character control sequence belongs after a ` mark.
So I'm essentially inserting \0 here.

/usr/share/texmf-dist/tex/latex/amsmath/amsmath.sty:397: Undefined control sequ
ence.
<recently read> \varXi 
                       
l.397 }{}
         
The control sequence at the end of the top line
of your error message was never \def'ed. If you have
misspelled it (e.g., `\hobx'), type `I' and the correct
spelling (e.g., `I\hbox'). Otherwise just continue,
and I'll forget about whatever was undefined.

/usr/share/texmf-dist/tex/latex/amsmath/amsmath.sty:397: Improper alphabetic co
nstant.
<to be read again> 
                   \varPi 
l.397 }{}
         
A one-character control sequence belongs after a ` mark.
So I'm essentially inserting \0 here.

/usr/share/texmf-dist/tex/latex/amsmath/amsmath.sty:397: Undefined control sequ
ence.
<recently read> \varPi 
                       
l.397 }{}
         
The control sequence at the end of the top line
of your error message was never \def'ed. If you have
misspelled it (e.g., `\hobx'), type `I' and the correct
spelling (e.g., `I\hbox'). Otherwise just continue,
and I'll forget about whatever was undefined.

/usr/share/texmf-dist/tex/latex/amsmath/amsmath.sty:397: Improper alphabetic co
nstant.
<to be read again> 
                   \varSigma 
l.397 }{}
         
A one-character control sequence belongs after a ` mark.
So I'm essentially inserting \0 here.

/usr/share/texmf-dist/tex/latex/amsmath/amsmath.sty:397: Undefined control sequ
ence.
<recently read> \varSigma 
                          
l.397 }{}
         
The control sequence at the end of the top line
of your error message was never \def'ed. If you have
misspelled it (e.g., `\hobx'), type `I' and the correct
spelling (e.g., `I\hbox'). Otherwise just continue,
and I'll forget about whatever was undefined.

/usr/share/texmf-dist/tex/latex/amsmath/amsmath.sty:397: Improper alphabetic co
nstant.
<to be read again> 
                   \varUpsilon 
l.397 }{}
         
A one-character control sequence belongs after a ` mark.
So I'm essentially inserting \0 here.

/usr/share/texmf-dist/tex/latex/amsmath/amsmath.sty:397: Undefined control sequ
ence.
<recently read> \varUpsilon 
                            
l.397 }{}
         
The control sequence at the end of the top line
of your error message was never \def'ed. If you have
misspelled it (e.g., `\hobx'), type `I' and the correct
spelling (e.g., `I\hbox'). Otherwise just continue,
and I'll forget about whatever was undefined.

/usr/share/texmf-dist/tex/latex/amsmath/amsmath.sty:397: Improper alphabetic co
nstant.
<to be read again> 
                   \varPhi 
l.397 }{}
         
A one-character control sequence belongs after a ` mark.
So I'm essentially inserting \0 here.

/usr/share/texmf-dist/tex/latex/amsmath/amsmath.sty:397: Undefined control sequ
ence.
<recently read> \varPhi 
                        
l.397 }{}
         
The control sequence at the end of the top line
of your error message was never \def'ed. If you have
misspelled it (e.g., `\hobx'), type `I' and the correct
spelling (e.g., `I\hbox'). Otherwise just continue,
and I'll forget about whatever was undefined.

/usr/share/texmf-dist/tex/latex/amsmath/amsmath.sty:397: Improper alphabetic co
nstant.
<to be read again> 
                   \varPsi 
l.397 }{}
         
A one-character control sequence belongs after a ` mark.
So I'm essentially inserting \0 here.

/usr/share/texmf-dist/tex/latex/amsmath/amsmath.sty:397: Undefined control sequ
ence.
<recently read> \varPsi 
                        
l.397 }{}
         
The control sequence at the end of the top line
of your error message was never \def'ed. If you have
misspelled it (e.g., `\hobx'), type `I' and the correct
spelling (e.g., `I\hbox'). Otherwise just continue,
and I'll forget about whatever was undefined.

/usr/share/texmf-dist/tex/latex/amsmath/amsmath.sty:397: Improper alphabetic co
nstant.
<to be read again> 
                   \varOmega 
l.397 }{}
         
A one-character control sequence belongs after a ` mark.
So I'm essentially inserting \0 here.

/usr/share/texmf-dist/tex/latex/amsmath/amsmath.sty:397: Undefined control sequ
ence.
<recently read> \varOmega 
                          
l.397 }{}
         
The control sequence at the end of the top line
of your error message was never \def'ed. If you have
misspelled it (e.g., `\hobx'), type `I' and the correct
spelling (e.g., `I\hbox'). Otherwise just continue,
and I'll forget about whatever was undefined.

LaTeX Info: Redefining \overline on input line 399.
\classnum@=\count184
\DOTSCASE@=\count185
LaTeX Info: Redefining \ldots on input line 496.
LaTeX Info: Redefining \dots on input line 499.
LaTeX Info: Redefining \cdots on input line 620.
\Mathstrutbox@=\box47
\strutbox@=\box48
\big@size=\dimen144
LaTeX Font Info:    Redeclaring font encoding OML on input line 743.
LaTeX Font Info:    Redeclaring font encoding OMS on input line 744.
\macc@depth=\count186
\c@MaxMatrixCols=\count187
\dotsspace@=\muskip16
\c@parentequation=\count188
\dspbrk@lvl=\count189
\tag@help=\toks19
\row@=\count190
\column@=\count191
\maxfields@=\count192
\andhelp@=\toks20
\eqnshift@=\dimen145
\alignsep@=\dimen146
\tagshift@=\dimen147
\tagwidth@=\dimen148
\totwidth@=\dimen149
\lineht@=\dimen150
\@envbody=\toks21
\multlinegap=\skip48
\multlinetaggap=\skip49
\mathdisplay@stack=\toks22
LaTeX Info: Redefining \[ on input line 2923.
LaTeX Info: Redefining \] on input line 2924.
) (/usr/share/texmf-dist/tex/latex/tools/array.sty
Package: array 2020/10/01 v2.5c Tabular extension package (FMi)
\col@sep=\dimen151
\ar@mcellbox=\box49
\extrarowheight=\dimen152
\NC@list=\toks23
\extratabsurround=\skip50
\backup@length=\skip51
\ar@cellbox=\box50
)
(/usr/share/texmf-dist/tex/latex/amsfonts/amssymb.sty
Package: amssymb 2013/01/14 v3.01 AMS font symbols

(/usr/share/texmf-dist/tex/latex/amsfonts/amsfonts.sty
Package: amsfonts 2013/01/14 v3.01 Basic AMSFonts support
\symAMSa=\mathgroup4
\symAMSb=\mathgroup5

/usr/share/texmf-dist/tex/latex/amsfonts/amsfonts.sty:74: Improper alphabetic c
onstant.
<to be read again> 
                   \ulcorner 
l.74 ...elimiter{\ulcorner}{\mathopen} {AMSa}{"70}
                                                  {AMSa}{"70}
A one-character control sequence belongs after a ` mark.
So I'm essentially inserting \0 here.

/usr/share/texmf-dist/tex/latex/amsfonts/amsfonts.sty:74: Undefined control seq
uence.
<recently read> \ulcorner 
                          
l.74 ...elimiter{\ulcorner}{\mathopen} {AMSa}{"70}
                                                  {AMSa}{"70}
The control sequence at the end of the top line
of your error message was never \def'ed. If you have
misspelled it (e.g., `\hobx'), type `I' and the correct
spelling (e.g., `I\hbox'). Otherwise just continue,
and I'll forget about whatever was undefined.

/usr/share/texmf-dist/tex/latex/amsfonts/amsfonts.sty:74: Improper alphabetic c
onstant.
<to be read again> 
                   \ulcorner 
l.74 ...lcorner}{\mathopen} {AMSa}{"70}{AMSa}{"70}
                                                  
A one-character control sequence belongs after a ` mark.
So I'm essentially inserting \0 here.

/usr/share/texmf-dist/tex/latex/amsfonts/amsfonts.sty:74: Undefined control seq
uence.
<recently read> \ulcorner 
                          
l.74 ...lcorner}{\mathopen} {AMSa}{"70}{AMSa}{"70}
                                                  
The control sequence at the end of the top line
of your error message was never \def'ed. If you have
misspelled it (e.g., `\hobx'), type `I' and the correct
spelling (e.g., `I\hbox'). Otherwise just continue,
and I'll forget about whatever was undefined.

/usr/share/texmf-dist/tex/latex/amsfonts/amsfonts.sty:75: Improper alphabetic c
onstant.
<to be read again> 
                   \urcorner 
l.75 ...elimiter{\urcorner}{\mathclose}{AMSa}{"71}
                                                  {AMSa}{"71}
A one-character control sequence belongs after a ` mark.
So I'm essentially inserting \0 here.

/usr/share/texmf-dist/tex/latex/amsfonts/amsfonts.sty:75: Undefined control seq
uence.
<recently read> \urcorner 
                          
l.75 ...elimiter{\urcorner}{\mathclose}{AMSa}{"71}
                                                  {AMSa}{"71}
The control sequence at the end of the top line
of your error message was never \def'ed. If you have
misspelled it (e.g., `\hobx'), type `I' and the correct
spelling (e.g., `I\hbox'). Otherwise just continue,
and I'll forget about whatever was undefined.

/usr/share/texmf-dist/tex/latex/amsfonts/amsfonts.sty:75: Improper alphabetic c
onstant.
<to be read again> 
                   \urcorner 
l.75 ...rcorner}{\mathclose}{AMSa}{"71}{AMSa}{"71}
                                                  
A one-character control sequence belongs after a ` mark.
So I'm essentially inserting \0 here.

/usr/share/texmf-dist/tex/latex/amsfonts/amsfonts.sty:75: Undefined control seq
uence.
<recently read> \urcorner 
                          
l.75 ...rcorner}{\mathclose}{AMSa}{"71}{AMSa}{"71}
                                                  
The control sequence at the end of the top line
of your error message was never \def'ed. If you have
misspelled it (e.g., `\hobx'), type `I' and the correct
spelling (e.g., `I\hbox'). Otherwise just continue,
and I'll forget about whatever was undefined.

/usr/share/texmf-dist/tex/latex/amsfonts/amsfonts.sty:76: Improper alphabetic c
onstant.
<to be read again> 
                   \llcorner 
l.76 ...elimiter{\llcorner}{\mathopen} {AMSa}{"78}
                                                  {AMSa}{"78}
A one-character control sequence belongs after a ` mark.
So I'm essentially inserting \0 here.

/usr/share/texmf-dist/tex/latex/amsfonts/amsfonts.sty:76: Undefined control seq
uence.
<recently read> \llcorner 
                          
l.76 ...elimiter{\llcorner}{\mathopen} {AMSa}{"78}
                                                  {AMSa}{"78}
The control sequence at the end of the top line
of your error message was never \def'ed. If you have
misspelled it (e.g., `\hobx'), type `I' and the correct
spelling (e.g., `I\hbox'). Otherwise just continue,
and I'll forget about whatever was undefined.

/usr/share/texmf-dist/tex/latex/amsfonts/amsfonts.sty:76: Improper alphabetic c
onstant.
<to be read again> 
                   \llcorner 
l.76 ...lcorner}{\mathopen} {AMSa}{"78}{AMSa}{"78}
                                                  
A one-character control sequence belongs after a ` mark.
So I'm essentially inserting \0 here.

/usr/share/texmf-dist/tex/latex/amsfonts/amsfonts.sty:76: Undefined control seq
uence.
<recently read> \llcorner 
                          
l.76 ...lcorner}{\mathopen} {AMSa}{"78}{AMSa}{"78}
                                                  
The control sequence at the end of the top line
of your error message was never \def'ed. If you have
misspelled it (e.g., `\hobx'), type `I' and the correct
spelling (e.g., `I\hbox'). Otherwise just continue,
and I'll forget about whatever was undefined.

/usr/share/texmf-dist/tex/latex/amsfonts/amsfonts.sty:77: Improper alphabetic c
onstant.
<to be read again> 
                   \lrcorner 
l.77 ...elimiter{\lrcorner}{\mathclose}{AMSa}{"79}
                                                  {AMSa}{"79}
A one-character control sequence belongs after a ` mark.
So I'm essentially inserting \0 here.

/usr/share/texmf-dist/tex/latex/amsfonts/amsfonts.sty:77: Undefined control seq
uence.
<recently read> \lrcorner 
                          
l.77 ...elimiter{\lrcorner}{\mathclose}{AMSa}{"79}
                                                  {AMSa}{"79}
The control sequence at the end of the top line
of your error message was never \def'ed. If you have
misspelled it (e.g., `\hobx'), type `I' and the correct
spelling (e.g., `I\hbox'). Otherwise just continue,
and I'll forget about whatever was undefined.

/usr/share/texmf-dist/tex/latex/amsfonts/amsfonts.sty:77: Improper alphabetic c
onstant.
<to be read again> 
                   \lrcorner 
l.77 ...rcorner}{\mathclose}{AMSa}{"79}{AMSa}{"79}
                                                  
A one-character control sequence belongs after a ` mark.
So I'm essentially inserting \0 here.

/usr/share/texmf-dist/tex/latex/amsfonts/amsfonts.sty:77: Undefined control seq
uence.
<recently read> \lrcorner 
                          
l.77 ...rcorner}{\mathclose}{AMSa}{"79}{AMSa}{"79}
                                                  
The control sequence at the end of the top line
of your error message was never \def'ed. If you have
misspelled it (e.g., `\hobx'), type `I' and the correct
spelling (e.g., `I\hbox'). Otherwise just continue,
and I'll forget about whatever was undefined.

/usr/share/texmf-dist/tex/latex/amsfonts/amsfonts.sty:95: Improper alphabetic c
onstant.
<to be read again> 
                   \dabar@ 
l.95 }
      
A one-character control sequence belongs after a ` mark.
So I'm essentially inserting \0 here.

/usr/share/texmf-dist/tex/latex/amsfonts/amsfonts.sty:95: Undefined control seq
uence.
<recently read> \dabar@ 
                        
l.95 }
      
The control sequence at the end of the top line
of your error message was never \def'ed. If you have
misspelled it (e.g., `\hobx'), type `I' and the correct
spelling (e.g., `I\hbox'). Otherwise just continue,
and I'll forget about whatever was undefined.

/usr/share/texmf-dist/tex/latex/amsfonts/amsfonts.sty:95: Undefined control seq
uence.
<argument> ... \dashrightarrow {\mathrel {\dabar@ 
                                                  \dabar@ \mathchar "0\hexnu...
l.95 }
      
The control sequence at the end of the top line
of your error message was never \def'ed. If you have
misspelled it (e.g., `\hobx'), type `I' and the correct
spelling (e.g., `I\hbox'). Otherwise just continue,
and I'll forget about whatever was undefined.

/usr/share/texmf-dist/tex/latex/amsfonts/amsfonts.sty:95: Undefined control seq
uence.
<argument> ...ghtarrow {\mathrel {\dabar@ \dabar@ 
                                                  \mathchar "0\hexnumber@ \s...
l.95 }
      
The control sequence at the end of the top line
of your error message was never \def'ed. If you have
misspelled it (e.g., `\hobx'), type `I' and the correct
spelling (e.g., `I\hbox'). Otherwise just continue,
and I'll forget about whatever was undefined.

/usr/share/texmf-dist/tex/latex/amsfonts/amsfonts.sty:95: Undefined control seq
uence.
<argument> ...ar "0\hexnumber@ \symAMSa 4C\dabar@ 
                                                  \dabar@ }}\global \let \da...
l.95 }
      
The control sequence at the end of the top line
of your error message was never \def'ed. If you have
misspelled it (e.g., `\hobx'), type `I' and the correct
spelling (e.g., `I\hbox'). Otherwise just continue,
and I'll forget about whatever was undefined.

/usr/share/texmf-dist/tex/latex/amsfonts/amsfonts.sty:95: Undefined control seq
uence.
<argument> ...xnumber@ \symAMSa 4C\dabar@ \dabar@ 
                                                  }}\global \let \dasharrow ...
l.95 }
      
The control sequence at the end of the top line
of your error message was never \def'ed. If you have
misspelled it (e.g., `\hobx'), type `I' and the correct
spelling (e.g., `I\hbox'). Otherwise just continue,
and I'll forget about whatever was undefined.

/usr/share/texmf-dist/tex/latex/amsfonts/amsfonts.sty:96: Improper alphabetic c
onstant.
<to be read again> 
                   \rightleftharpoons 
l.96 ...l{\rightleftharpoons}{\mathrel}{AMSa}{"0A}
                                                  
A one-character control sequence belongs after a ` mark.
So I'm essentially inserting \0 here.

/usr/share/texmf-dist/tex/latex/amsfonts/amsfonts.sty:96: Undefined control seq
uence.
<recently read> \rightleftharpoons 
                                   
l.96 ...l{\rightleftharpoons}{\mathrel}{AMSa}{"0A}
                                                  
The control sequence at the end of the top line
of your error message was never \def'ed. If you have
misspelled it (e.g., `\hobx'), type `I' and the correct
spelling (e.g., `I\hbox'). Otherwise just continue,
and I'll forget about whatever was undefined.

/usr/share/texmf-dist/tex/latex/amsfonts/amsfonts.sty:97: Improper alphabetic c
onstant.
<to be read again> 
                   \angle 
l.97 ...l{\angle}            {\mathord}{AMSa}{"5C}
                                                  
A one-character control sequence belongs after a ` mark.
So I'm essentially inserting \0 here.

/usr/share/texmf-dist/tex/latex/amsfonts/amsfonts.sty:97: Undefined control seq
uence.
<recently read> \angle 
                       
l.97 ...l{\angle}            {\mathord}{AMSa}{"5C}
                                                  
The control sequence at the end of the top line
of your error message was never \def'ed. If you have
misspelled it (e.g., `\hobx'), type `I' and the correct
spelling (e.g., `I\hbox'). Otherwise just continue,
and I'll forget about whatever was undefined.

/usr/share/texmf-dist/tex/latex/amsfonts/amsfonts.sty:98: Improper alphabetic c
onstant.
<to be read again> 
                   \hbar 
l.98 ...l{\hbar}             {\mathord}{AMSb}{"7E}
                                                  
A one-character control sequence belongs after a ` mark.
So I'm essentially inserting \0 here.

/usr/share/texmf-dist/tex/latex/amsfonts/amsfonts.sty:98: Undefined control seq
uence.
<recently read> \hbar 
                      
l.98 ...l{\hbar}             {\mathord}{AMSb}{"7E}
                                                  
The control sequence at the end of the top line
of your error message was never \def'ed. If you have
misspelled it (e.g., `\hobx'), type `I' and the correct
spelling (e.g., `I\hbox'). Otherwise just continue,
and I'll forget about whatever was undefined.

/usr/share/texmf-dist/tex/latex/amsfonts/amsfonts.sty:99: Improper alphabetic c
onstant.
<to be read again> 
                   \sqsubset 
l.99 ...l{\sqsubset}         {\mathrel}{AMSa}{"40}
                                                  
A one-character control sequence belongs after a ` mark.
So I'm essentially inserting \0 here.

/usr/share/texmf-dist/tex/latex/amsfonts/amsfonts.sty:99: Undefined control seq
uence.
<recently read> \sqsubset 
                          
l.99 ...l{\sqsubset}         {\mathrel}{AMSa}{"40}
                                                  
The control sequence at the end of the top line
of your error message was never \def'ed. If you have
misspelled it (e.g., `\hobx'), type `I' and the correct
spelling (e.g., `I\hbox'). Otherwise just continue,
and I'll forget about whatever was undefined.

/usr/share/texmf-dist/tex/latex/amsfonts/amsfonts.sty:100: Improper alphabetic 
constant.
<to be read again> 
                   \sqsupset 
l.100 ...{\sqsupset}         {\mathrel}{AMSa}{"41}
                                                  
A one-character control sequence belongs after a ` mark.
So I'm essentially inserting \0 here.

/usr/share/texmf-dist/tex/latex/amsfonts/amsfonts.sty:100: Undefined control se
quence.
<recently read> \sqsupset 
                          
l.100 ...{\sqsupset}         {\mathrel}{AMSa}{"41}
                                                  
The control sequence at the end of the top line
of your error message was never \def'ed. If you have
misspelled it (e.g., `\hobx'), type `I' and the correct
spelling (e.g., `I\hbox'). Otherwise just continue,
and I'll forget about whatever was undefined.

/usr/share/texmf-dist/tex/latex/amsfonts/amsfonts.sty:101: Improper alphabetic 
constant.
<to be read again> 
                   \mho 
l.101 ...{\mho}              {\mathord}{AMSb}{"66}
                                                  
A one-character control sequence belongs after a ` mark.
So I'm essentially inserting \0 here.

/usr/share/texmf-dist/tex/latex/amsfonts/amsfonts.sty:101: Undefined control se
quence.
<recently read> \mho 
                     
l.101 ...{\mho}              {\mathord}{AMSb}{"66}
                                                  
The control sequence at the end of the top line
of your error message was never \def'ed. If you have
misspelled it (e.g., `\hobx'), type `I' and the correct
spelling (e.g., `I\hbox'). Otherwise just continue,
and I'll forget about whatever was undefined.

LaTeX Font Info:    Overwriting math alphabet `\mathfrak' in version `bold'
(Font)                  U/euf/m/n --> U/euf/b/n on input line 106.
/usr/share/texmf-dist/tex/latex/amsfonts/amsfonts.sty:141: Improper alphabetic 
constant.
<to be read again> 
                   \square 
l.141 ...{\square}           {\mathord}{AMSa}{"03}
                                                  
A one-character control sequence belongs after a ` mark.
So I'm essentially inserting \0 here.

/usr/share/texmf-dist/tex/latex/amsfonts/amsfonts.sty:141: Undefined control se
quence.
<recently read> \square 
                        
l.141 ...{\square}           {\mathord}{AMSa}{"03}
                                                  
The control sequence at the end of the top line
of your error message was never \def'ed. If you have
misspelled it (e.g., `\hobx'), type `I' and the correct
spelling (e.g., `I\hbox'). Otherwise just continue,
and I'll forget about whatever was undefined.

/usr/share/texmf-dist/tex/latex/amsfonts/amsfonts.sty:142: Improper alphabetic 
constant.
<to be read again> 
                   \lozenge 
l.142 ...{\lozenge}          {\mathord}{AMSa}{"06}
                                                  
A one-character control sequence belongs after a ` mark.
So I'm essentially inserting \0 here.

/usr/share/texmf-dist/tex/latex/amsfonts/amsfonts.sty:142: Undefined control se
quence.
<recently read> \lozenge 
                         
l.142 ...{\lozenge}          {\mathord}{AMSa}{"06}
                                                  
The control sequence at the end of the top line
of your error message was never \def'ed. If you have
misspelled it (e.g., `\hobx'), type `I' and the correct
spelling (e.g., `I\hbox'). Otherwise just continue,
and I'll forget about whatever was undefined.

/usr/share/texmf-dist/tex/latex/amsfonts/amsfonts.sty:143: Improper alphabetic 
constant.
<to be read again> 
                   \vartriangleright 
l.143 ...{\vartriangleright} {\mathrel}{AMSa}{"42}
                                                  
A one-character control sequence belongs after a ` mark.
So I'm essentially inserting \0 here.

/usr/share/texmf-dist/tex/latex/amsfonts/amsfonts.sty:143: Undefined control se
quence.
<recently read> \vartriangleright 
                                  
l.143 ...{\vartriangleright} {\mathrel}{AMSa}{"42}
                                                  
The control sequence at the end of the top line
of your error message was never \def'ed. If you have
misspelled it (e.g., `\hobx'), type `I' and the correct
spelling (e.g., `I\hbox'). Otherwise just continue,
and I'll forget about whatever was undefined.

/usr/share/texmf-dist/tex/latex/amsfonts/amsfonts.sty:144: Improper alphabetic 
constant.
<to be read again> 
                   \vartriangleleft 
l.144 ...{\vartriangleleft}  {\mathrel}{AMSa}{"43}
                                                  
A one-character control sequence belongs after a ` mark.
So I'm essentially inserting \0 here.

/usr/share/texmf-dist/tex/latex/amsfonts/amsfonts.sty:144: Undefined control se
quence.
<recently read> \vartriangleleft 
                                 
l.144 ...{\vartriangleleft}  {\mathrel}{AMSa}{"43}
                                                  
The control sequence at the end of the top line
of your error message was never \def'ed. If you have
misspelled it (e.g., `\hobx'), type `I' and the correct
spelling (e.g., `I\hbox'). Otherwise just continue,
and I'll forget about whatever was undefined.

/usr/share/texmf-dist/tex/latex/amsfonts/amsfonts.sty:145: Improper alphabetic 
constant.
<to be read again> 
                   \trianglerighteq 
l.145 ...{\trianglerighteq}  {\mathrel}{AMSa}{"44}
                                                  
A one-character control sequence belongs after a ` mark.
So I'm essentially inserting \0 here.

/usr/share/texmf-dist/tex/latex/amsfonts/amsfonts.sty:145: Undefined control se
quence.
<recently read> \trianglerighteq 
                                 
l.145 ...{\trianglerighteq}  {\mathrel}{AMSa}{"44}
                                                  
The control sequence at the end of the top line
of your error message was never \def'ed. If you have
misspelled it (e.g., `\hobx'), type `I' and the correct
spelling (e.g., `I\hbox'). Otherwise just continue,
and I'll forget about whatever was undefined.

/usr/share/texmf-dist/tex/latex/amsfonts/amsfonts.sty:146: Improper alphabetic 
constant.
<to be read again> 
                   \trianglelefteq 
l.146 ...{\trianglelefteq}   {\mathrel}{AMSa}{"45}
                                                  
A one-character control sequence belongs after a ` mark.
So I'm essentially inserting \0 here.

/usr/share/texmf-dist/tex/latex/amsfonts/amsfonts.sty:146: Undefined control se
quence.
<recently read> \trianglelefteq 
                                
l.146 ...{\trianglelefteq}   {\mathrel}{AMSa}{"45}
                                                  
The control sequence at the end of the top line
of your error message was never \def'ed. If you have
misspelled it (e.g., `\hobx'), type `I' and the correct
spelling (e.g., `I\hbox'). Otherwise just continue,
and I'll forget about whatever was undefined.

/usr/share/texmf-dist/tex/latex/amsfonts/amsfonts.sty:147: Improper alphabetic 
constant.
<to be read again> 
                   \rightsquigarrow 
l.147 ...{\rightsquigarrow}  {\mathrel}{AMSa}{"20}
                                                  
A one-character control sequence belongs after a ` mark.
So I'm essentially inserting \0 here.

/usr/share/texmf-dist/tex/latex/amsfonts/amsfonts.sty:147: Undefined control se
quence.
<recently read> \rightsquigarrow 
                                 
l.147 ...{\rightsquigarrow}  {\mathrel}{AMSa}{"20}
                                                  
The control sequence at the end of the top line
of your error message was never \def'ed. If you have
misspelled it (e.g., `\hobx'), type `I' and the correct
spelling (e.g., `I\hbox'). Otherwise just continue,
and I'll forget about whatever was undefined.

/usr/share/texmf-dist/tex/latex/amsfonts/amsfonts.sty:157: Improper alphabetic 
constant.
<to be read again> 
                   \lhd 
l.157 ...athSymbol{\lhd}     {\mathbin}{AMSa}{"43}
                                                  
A one-character control sequence belongs after a ` mark.
So I'm essentially inserting \0 here.

/usr/share/texmf-dist/tex/latex/amsfonts/amsfonts.sty:157: Undefined control se
quence.
<recently read> \lhd 
                     
l.157 ...athSymbol{\lhd}     {\mathbin}{AMSa}{"43}
                                                  
The control sequence at the end of the top line
of your error message was never \def'ed. If you have
misspelled it (e.g., `\hobx'), type `I' and the correct
spelling (e.g., `I\hbox'). Otherwise just continue,
and I'll forget about whatever was undefined.

/usr/share/texmf-dist/tex/latex/amsfonts/amsfonts.sty:158: Improper alphabetic 
constant.
<to be read again> 
                   \unlhd 
l.158 ...athSymbol{\unlhd}   {\mathbin}{AMSa}{"45}
                                                  
A one-character control sequence belongs after a ` mark.
So I'm essentially inserting \0 here.

/usr/share/texmf-dist/tex/latex/amsfonts/amsfonts.sty:158: Undefined control se
quence.
<recently read> \unlhd 
                       
l.158 ...athSymbol{\unlhd}   {\mathbin}{AMSa}{"45}
                                                  
The control sequence at the end of the top line
of your error message was never \def'ed. If you have
misspelled it (e.g., `\hobx'), type `I' and the correct
spelling (e.g., `I\hbox'). Otherwise just continue,
and I'll forget about whatever was undefined.

/usr/share/texmf-dist/tex/latex/amsfonts/amsfonts.sty:159: Improper alphabetic 
constant.
<to be read again> 
                   \rhd 
l.159 ...athSymbol{\rhd}     {\mathbin}{AMSa}{"42}
                                                  
A one-character control sequence belongs after a ` mark.
So I'm essentially inserting \0 here.

/usr/share/texmf-dist/tex/latex/amsfonts/amsfonts.sty:159: Undefined control se
quence.
<recently read> \rhd 
                     
l.159 ...athSymbol{\rhd}     {\mathbin}{AMSa}{"42}
                                                  
The control sequence at the end of the top line
of your error message was never \def'ed. If you have
misspelled it (e.g., `\hobx'), type `I' and the correct
spelling (e.g., `I\hbox'). Otherwise just continue,
and I'll forget about whatever was undefined.

/usr/share/texmf-dist/tex/latex/amsfonts/amsfonts.sty:160: Improper alphabetic 
constant.
<to be read again> 
                   \unrhd 
l.160 ...athSymbol{\unrhd}   {\mathbin}{AMSa}{"44}
                                                  
A one-character control sequence belongs after a ` mark.
So I'm essentially inserting \0 here.

/usr/share/texmf-dist/tex/latex/amsfonts/amsfonts.sty:160: Undefined control se
quence.
<recently read> \unrhd 
                       
l.160 ...athSymbol{\unrhd}   {\mathbin}{AMSa}{"44}
                                                  
The control sequence at the end of the top line
of your error message was never \def'ed. If you have
misspelled it (e.g., `\hobx'), type `I' and the correct
spelling (e.g., `I\hbox'). Otherwise just continue,
and I'll forget about whatever was undefined.

)
/usr/share/texmf-dist/tex/latex/amsfonts/amssymb.sty:44: Improper alphabetic co
nstant.
<to be read again> 
                   \boxdot 
l.44 ...ymbol{\boxdot}       {\mathbin}{AMSa}{"00}
                                                  
A one-character control sequence belongs after a ` mark.
So I'm essentially inserting \0 here.

/usr/share/texmf-dist/tex/latex/amsfonts/amssymb.sty:44: Undefined control sequ
ence.
<recently read> \boxdot 
                        
l.44 ...ymbol{\boxdot}       {\mathbin}{AMSa}{"00}
                                                  
The control sequence at the end of the top line
of your error message was never \def'ed. If you have
misspelled it (e.g., `\hobx'), type `I' and the correct
spelling (e.g., `I\hbox'). Otherwise just continue,
and I'll forget about whatever was undefined.

/usr/share/texmf-dist/tex/latex/amsfonts/amssymb.sty:45: Improper alphabetic co
nstant.
<to be read again> 
                   \boxplus 
l.45 ...ymbol{\boxplus}      {\mathbin}{AMSa}{"01}
                                                  
A one-character control sequence belongs after a ` mark.
So I'm essentially inserting \0 here.

/usr/share/texmf-dist/tex/latex/amsfonts/amssymb.sty:45: Undefined control sequ
ence.
<recently read> \boxplus 
                         
l.45 ...ymbol{\boxplus}      {\mathbin}{AMSa}{"01}
                                                  
The control sequence at the end of the top line
of your error message was never \def'ed. If you have
misspelled it (e.g., `\hobx'), type `I' and the correct
spelling (e.g., `I\hbox'). Otherwise just continue,
and I'll forget about whatever was undefined.

/usr/share/texmf-dist/tex/latex/amsfonts/amssymb.sty:46: Improper alphabetic co
nstant.
<to be read again> 
                   \boxtimes 
l.46 ...ymbol{\boxtimes}     {\mathbin}{AMSa}{"02}
                                                  
A one-character control sequence belongs after a ` mark.
So I'm essentially inserting \0 here.

/usr/share/texmf-dist/tex/latex/amsfonts/amssymb.sty:46: Undefined control sequ
ence.
<recently read> \boxtimes 
                          
l.46 ...ymbol{\boxtimes}     {\mathbin}{AMSa}{"02}
                                                  
The control sequence at the end of the top line
of your error message was never \def'ed. If you have
misspelled it (e.g., `\hobx'), type `I' and the correct
spelling (e.g., `I\hbox'). Otherwise just continue,
and I'll forget about whatever was undefined.

/usr/share/texmf-dist/tex/latex/amsfonts/amssymb.sty:47: Improper alphabetic co
nstant.
<to be read again> 
                   \square 
l.47 ...ymbol{\square}       {\mathord}{AMSa}{"03}
                                                  
A one-character control sequence belongs after a ` mark.
So I'm essentially inserting \0 here.

/usr/share/texmf-dist/tex/latex/amsfonts/amssymb.sty:47: Missing number, treate
d as zero.
<to be read again> 
                   \square 
l.47 ...ymbol{\square}       {\mathord}{AMSa}{"03}
                                                  
A number should have been here; I inserted `0'.
(If you can't figure out why I needed to see a number,
look up `weird error' in the index to The TeXbook.)


/usr/share/texmf-dist/tex/latex/amsfonts/amssymb.sty:47: LaTeX Error: Missing \
begin{document}.

See the LaTeX manual or LaTeX Companion for explanation.
Type  H <return>  for immediate help.
 ...                                              
                                                  
l.47 ...ymbol{\square}       {\mathord}{AMSa}{"03}
                                                  
You're in trouble here.  Try typing  <return>  to proceed.
If that doesn't work, type  X <return>  to quit.

Missing character: There is no = in font nullfont!
Missing character: There is no " in font nullfont!
Missing character: There is no 0 in font nullfont!
Missing character: There is no 4 in font nullfont!
Missing character: There is no 0 in font nullfont!
Missing character: There is no 3 in font nullfont!
/usr/share/texmf-dist/tex/latex/amsfonts/amssymb.sty:48: Improper alphabetic co
nstant.
<to be read again> 
                   \blacksquare 
l.48 ...ymbol{\blacksquare}  {\mathord}{AMSa}{"04}
                                                  
A one-character control sequence belongs after a ` mark.
So I'm essentially inserting \0 here.

/usr/share/texmf-dist/tex/latex/amsfonts/amssymb.sty:48: Undefined control sequ
ence.
<recently read> \blacksquare 
                             
l.48 ...ymbol{\blacksquare}  {\mathord}{AMSa}{"04}
                                                  
The control sequence at the end of the top line
of your error message was never \def'ed. If you have
misspelled it (e.g., `\hobx'), type `I' and the correct
spelling (e.g., `I\hbox'). Otherwise just continue,
and I'll forget about whatever was undefined.

/usr/share/texmf-dist/tex/latex/amsfonts/amssymb.sty:49: Improper alphabetic co
nstant.
<to be read again> 
                   \centerdot 
l.49 ...ymbol{\centerdot}    {\mathbin}{AMSa}{"05}
                                                  
A one-character control sequence belongs after a ` mark.
So I'm essentially inserting \0 here.

/usr/share/texmf-dist/tex/latex/amsfonts/amssymb.sty:49: Undefined control sequ
ence.
<recently read> \centerdot 
                           
l.49 ...ymbol{\centerdot}    {\mathbin}{AMSa}{"05}
                                                  
The control sequence at the end of the top line
of your error message was never \def'ed. If you have
misspelled it (e.g., `\hobx'), type `I' and the correct
spelling (e.g., `I\hbox'). Otherwise just continue,
and I'll forget about whatever was undefined.

/usr/share/texmf-dist/tex/latex/amsfonts/amssymb.sty:50: Improper alphabetic co
nstant.
<to be read again> 
                   \lozenge 
l.50 ...ymbol{\lozenge}      {\mathord}{AMSa}{"06}
                                                  
A one-character control sequence belongs after a ` mark.
So I'm essentially inserting \0 here.

/usr/share/texmf-dist/tex/latex/amsfonts/amssymb.sty:50: Missing number, treate
d as zero.
<to be read again> 
                   \lozenge 
l.50 ...ymbol{\lozenge}      {\mathord}{AMSa}{"06}
                                                  
A number should have been here; I inserted `0'.
(If you can't figure out why I needed to see a number,
look up `weird error' in the index to The TeXbook.)

Missing character: There is no = in font nullfont!
Missing character: There is no " in font nullfont!
Missing character: There is no 0 in font nullfont!
Missing character: There is no 4 in font nullfont!
Missing character: There is no 0 in font nullfont!
Missing character: There is no 6 in font nullfont!
/usr/share/texmf-dist/tex/latex/amsfonts/amssymb.sty:51: Improper alphabetic co
nstant.
<to be read again> 
                   \blacklozenge 
l.51 ...ymbol{\blacklozenge} {\mathord}{AMSa}{"07}
                                                  
A one-character control sequence belongs after a ` mark.
So I'm essentially inserting \0 here.

/usr/share/texmf-dist/tex/latex/amsfonts/amssymb.sty:51: Undefined control sequ
ence.
<recently read> \blacklozenge 
                              
l.51 ...ymbol{\blacklozenge} {\mathord}{AMSa}{"07}
                                                  
The control sequence at the end of the top line
of your error message was never \def'ed. If you have
misspelled it (e.g., `\hobx'), type `I' and the correct
spelling (e.g., `I\hbox'). Otherwise just continue,
and I'll forget about whatever was undefined.

/usr/share/texmf-dist/tex/latex/amsfonts/amssymb.sty:52: Improper alphabetic co
nstant.
<to be read again> 
                   \circlearrowright 
l.52 ...\circlearrowright}   {\mathrel}{AMSa}{"08}
                                                  
A one-character control sequence belongs after a ` mark.
So I'm essentially inserting \0 here.

/usr/share/texmf-dist/tex/latex/amsfonts/amssymb.sty:52: Undefined control sequ
ence.
<recently read> \circlearrowright 
                                  
l.52 ...\circlearrowright}   {\mathrel}{AMSa}{"08}
                                                  
The control sequence at the end of the top line
of your error message was never \def'ed. If you have
misspelled it (e.g., `\hobx'), type `I' and the correct
spelling (e.g., `I\hbox'). Otherwise just continue,
and I'll forget about whatever was undefined.

/usr/share/texmf-dist/tex/latex/amsfonts/amssymb.sty:53: Improper alphabetic co
nstant.
<to be read again> 
                   \circlearrowleft 
l.53 ...\circlearrowleft}    {\mathrel}{AMSa}{"09}
                                                  
A one-character control sequence belongs after a ` mark.
So I'm essentially inserting \0 here.

/usr/share/texmf-dist/tex/latex/amsfonts/amssymb.sty:53: Undefined control sequ
ence.
<recently read> \circlearrowleft 
                                 
l.53 ...\circlearrowleft}    {\mathrel}{AMSa}{"09}
                                                  
The control sequence at the end of the top line
of your error message was never \def'ed. If you have
misspelled it (e.g., `\hobx'), type `I' and the correct
spelling (e.g., `I\hbox'). Otherwise just continue,
and I'll forget about whatever was undefined.

/usr/share/texmf-dist/tex/latex/amsfonts/amssymb.sty:56: Improper alphabetic co
nstant.
<to be read again> 
                   \leftrightharpoons 
l.56 ...\leftrightharpoons}  {\mathrel}{AMSa}{"0B}
                                                  
(That makes 100 errors; please try again.) 
Here is how much of TeX's memory you used:
 1467 strings out of 478994
 18420 string characters out of 5864751
 309162 words of memory out of 5000000
 18983 multiletter control sequences out of 15000+600000
 403430 words of font info for 27 fonts, out of 8000000 for 9000
 1141 hyphenation exceptions out of 8191
 69i,1n,74p,234b,35s stack positions out of 5000i,500n,10000p,200000b,80000s

/usr/share/texmf-dist/tex/latex/amsfonts/amssymb.sty:56:  ==> Fatal error occur
red, no output PDF file produced!
